[debug] [2019-11-18T15:50:12.147Z] ----------------------------------------------------------------------
[debug] [2019-11-18T15:50:12.149Z] Command:       C:\Program Files\nodejs\node.exe C:\Users\MichelleTEA\AppData\Roaming\npm\node_modules\firebase-tools\lib\bin\firebase.js init
[debug] [2019-11-18T15:50:12.149Z] CLI Version:   7.7.0
[debug] [2019-11-18T15:50:12.149Z] Platform:      win32
[debug] [2019-11-18T15:50:12.149Z] Node Version:  v10.16.3
[debug] [2019-11-18T15:50:12.149Z] Time:          Mon Nov 18 2019 13:50:12 GMT-0200 (GMT-02:00)
[debug] [2019-11-18T15:50:12.150Z] ----------------------------------------------------------------------
[debug] [2019-11-18T15:50:12.150Z] 
[debug] [2019-11-18T15:50:12.156Z] > command requires scopes: ["email","openid","https://www.googleapis.com/auth/cloudplatformprojects.readonly","https://www.googleapis.com/auth/firebase","https://www.googleapis.com/auth/cloud-platform"]
[debug] [2019-11-18T15:50:12.156Z] > authorizing via signed-in user
[info] 
     ######## #### ########  ######## ########     ###     ######  ########
     ##        ##  ##     ## ##       ##     ##  ##   ##  ##       ##
     ######    ##  ########  ######   ########  #########  ######  ######
     ##        ##  ##    ##  ##       ##     ## ##     ##       ## ##
     ##       #### ##     ## ######## ########  ##     ##  ######  ########

You're about to initialize a Firebase project in this directory:

  C:\Users\MichelleTEA\Documents\projetoPCA github

[info] 
=== Project Setup
[info] 
[info] First, let's associate this project directory with a Firebase project.
[info] You can create multiple project aliases by running firebase use --add, 
[info] but for now we'll just set up a default project.
[info] 
[debug] [2019-11-18T15:50:22.035Z] >>> HTTP REQUEST GET https://firebase.googleapis.com/v1beta1/projects?pageSize=100  
 
[debug] [2019-11-18T15:50:23.581Z] <<< HTTP RESPONSE 200
[debug] [2019-11-18T15:50:51.576Z] >>> HTTP REQUEST GET https://firebase.googleapis.com/v1beta1/projects/projetopca4  
 
[debug] [2019-11-18T15:50:52.690Z] <<< HTTP RESPONSE 200
[info] i  Using project projetopca4 (projetoPCA4)
[info] 
=== Hosting Setup
[info] 
[info] Your public directory is the folder (relative to your project directory) that
[info] will contain Hosting assets to be uploaded with firebase deploy. If you
[info] have a build process for your assets, use your build's output directory.
[info] 
[debug] [2019-11-18T15:51:57.633Z] >>> HTTP REQUEST GET https://www.gstatic.com/firebasejs/releases.json  
 
[debug] [2019-11-18T15:51:57.784Z] Error: self signed certificate in certificate chain
    at TLSSocket.onConnectSecure (_tls_wrap.js:1058:34)
    at TLSSocket.emit (events.js:198:13)
    at TLSSocket.EventEmitter.emit (domain.js:448:20)
    at TLSSocket._finishInit (_tls_wrap.js:636:8)
[error] 
[error] Error: Server Error. self signed certificate in certificate chain
[debug] [2019-11-18T15:52:47.675Z] ----------------------------------------------------------------------
[debug] [2019-11-18T15:52:47.677Z] Command:       C:\Program Files\nodejs\node.exe C:\Users\MichelleTEA\AppData\Roaming\npm\node_modules\firebase-tools\lib\bin\firebase.js init
[debug] [2019-11-18T15:52:47.677Z] CLI Version:   7.7.0
[debug] [2019-11-18T15:52:47.677Z] Platform:      win32
[debug] [2019-11-18T15:52:47.677Z] Node Version:  v10.16.3
[debug] [2019-11-18T15:52:47.678Z] Time:          Mon Nov 18 2019 13:52:47 GMT-0200 (GMT-02:00)
[debug] [2019-11-18T15:52:47.678Z] ----------------------------------------------------------------------
[debug] [2019-11-18T15:52:47.678Z] 
[debug] [2019-11-18T15:52:47.684Z] > command requires scopes: ["email","openid","https://www.googleapis.com/auth/cloudplatformprojects.readonly","https://www.googleapis.com/auth/firebase","https://www.googleapis.com/auth/cloud-platform"]
[debug] [2019-11-18T15:52:47.685Z] > authorizing via signed-in user
[info] 
     ######## #### ########  ######## ########     ###     ######  ########
     ##        ##  ##     ## ##       ##     ##  ##   ##  ##       ##
     ######    ##  ########  ######   ########  #########  ######  ######
     ##        ##  ##    ##  ##       ##     ## ##     ##       ## ##
     ##       #### ##     ## ######## ########  ##     ##  ######  ########

You're about to initialize a Firebase project in this directory:

  C:\Users\MichelleTEA\Documents\projetoPCA github

[info] 
=== Project Setup
[info] 
[info] First, let's associate this project directory with a Firebase project.
[info] You can create multiple project aliases by running firebase use --add, 
[info] but for now we'll just set up a default project.
[info] 
[info] i  If you want to create a project in a Google Cloud organization or folder, please use "firebase projects:create" instead, and return to this command when you've created the project.
[debug] [2019-11-18T15:53:34.291Z] >>> HTTP REQUEST POST https://cloudresourcemanager.googleapis.com/v1/projects  

[debug] [2019-11-18T15:53:35.864Z] <<< HTTP RESPONSE 409
[debug] [2019-11-18T15:53:35.864Z] <<< HTTP RESPONSE BODY
[debug] [2019-11-18T15:53:35.866Z] HTTP Error: 409, Requested entity already exists
[debug] [2019-11-18T15:53:35.869Z] FirebaseError: HTTP Error: 409, Requested entity already exists
    at module.exports (C:\Users\MichelleTEA\AppData\Roaming\npm\node_modules\firebase-tools\lib\responseToError.js:38:12)
    at Request._callback (C:\Users\MichelleTEA\AppData\Roaming\npm\node_modules\firebase-tools\lib\api.js:39:35)
    at Request.self.callback (C:\Users\MichelleTEA\AppData\Roaming\npm\node_modules\firebase-tools\node_modules\request\request.js:185:22)
    at Request.emit (events.js:198:13)
    at Request.EventEmitter.emit (domain.js:448:20)
    at Request.<anonymous> (C:\Users\MichelleTEA\AppData\Roaming\npm\node_modules\firebase-tools\node_modules\request\request.js:1161:10)
    at Request.emit (events.js:198:13)
    at Request.EventEmitter.emit (domain.js:448:20)
    at IncomingMessage.<anonymous> (C:\Users\MichelleTEA\AppData\Roaming\npm\node_modules\firebase-tools\node_modules\request\request.js:1083:12)
    at Object.onceWrapper (events.js:286:20)
[error] 
[error] Error: Failed to create Google Cloud project. See firebase-debug.log for more info.
[debug] [2019-11-18T15:54:59.288Z] ----------------------------------------------------------------------
[debug] [2019-11-18T15:54:59.290Z] Command:       C:\Program Files\nodejs\node.exe C:\Users\MichelleTEA\AppData\Roaming\npm\node_modules\firebase-tools\lib\bin\firebase.js init
[debug] [2019-11-18T15:54:59.290Z] CLI Version:   7.7.0
[debug] [2019-11-18T15:54:59.290Z] Platform:      win32
[debug] [2019-11-18T15:54:59.290Z] Node Version:  v10.16.3
[debug] [2019-11-18T15:54:59.290Z] Time:          Mon Nov 18 2019 13:54:59 GMT-0200 (GMT-02:00)
[debug] [2019-11-18T15:54:59.290Z] ----------------------------------------------------------------------
[debug] [2019-11-18T15:54:59.290Z] 
[debug] [2019-11-18T15:54:59.296Z] > command requires scopes: ["email","openid","https://www.googleapis.com/auth/cloudplatformprojects.readonly","https://www.googleapis.com/auth/firebase","https://www.googleapis.com/auth/cloud-platform"]
[debug] [2019-11-18T15:54:59.297Z] > authorizing via signed-in user
[info] 
     ######## #### ########  ######## ########     ###     ######  ########
     ##        ##  ##     ## ##       ##     ##  ##   ##  ##       ##
     ######    ##  ########  ######   ########  #########  ######  ######
     ##        ##  ##    ##  ##       ##     ## ##     ##       ## ##
     ##       #### ##     ## ######## ########  ##     ##  ######  ########

You're about to initialize a Firebase project in this directory:

  C:\Users\MichelleTEA\Documents\projetoPCA github

[info] 
=== Project Setup
[info] 
[info] First, let's associate this project directory with a Firebase project.
[info] You can create multiple project aliases by running firebase use --add, 
[info] but for now we'll just set up a default project.
[info] 
[debug] [2019-11-18T15:55:12.195Z] >>> HTTP REQUEST GET https://firebase.googleapis.com/v1beta1/projects?pageSize=100  
 
[debug] [2019-11-18T15:55:13.917Z] <<< HTTP RESPONSE 200
[debug] [2019-11-18T15:55:24.336Z] >>> HTTP REQUEST GET https://firebase.googleapis.com/v1beta1/projects/projetopca4  
 
[debug] [2019-11-18T15:55:25.452Z] <<< HTTP RESPONSE 200
[info] i  Using project projetopca4 (projetoPCA4)
[info] 
=== Hosting Setup
[info] 
[info] Your public directory is the folder (relative to your project directory) that
[info] will contain Hosting assets to be uploaded with firebase deploy. If you
[info] have a build process for your assets, use your build's output directory.
[info] 
[debug] [2019-11-18T15:55:47.792Z] >>> HTTP REQUEST GET https://www.gstatic.com/firebasejs/releases.json  
 
[debug] [2019-11-18T15:55:47.890Z] Error: self signed certificate in certificate chain
    at TLSSocket.onConnectSecure (_tls_wrap.js:1058:34)
    at TLSSocket.emit (events.js:198:13)
    at TLSSocket.EventEmitter.emit (domain.js:448:20)
    at TLSSocket._finishInit (_tls_wrap.js:636:8)
[error] 
[error] Error: Server Error. self signed certificate in certificate chain
